<?xml version="1.0" encoding="UTF-8"?>
<testng-results skipped="0" failed="1" ignored="0" total="2" passed="1">
  <reporter-output>
  </reporter-output>
  <suite name="WebServiceTestSuite" duration-ms="26798" started-at="2019-08-18T17:11:46Z" finished-at="2019-08-18T17:12:13Z">
    <groups>
    </groups>
    <test name="RESTAPITest" duration-ms="26798" started-at="2019-08-18T17:11:46Z" finished-at="2019-08-18T17:12:13Z">
      <class name="tests.GoogleSearchFailingTestClass">
        <test-method status="PASS" signature="initialization()[pri:0, instance:tests.GoogleSearchFailingTestClass@eec5a4a]" name="initialization" is-config="true" duration-ms="5502" started-at="2019-08-18T17:12:01Z" finished-at="2019-08-18T17:12:06Z">
          <reporter-output>
          </reporter-output>
        </test-method> <!-- initialization -->
        <test-method status="FAIL" signature="searchForWebsiteFailingTest()[pri:1, instance:tests.GoogleSearchFailingTestClass@eec5a4a]" name="searchForWebsiteFailingTest" duration-ms="3512" started-at="2019-08-18T17:12:06Z" finished-at="2019-08-18T17:12:10Z">
          <exception class="java.lang.AssertionError">
            <message>
              <![CDATA[expected [Selenium - Google] but found [Selenium - Google Search]]]>
            </message>
            <full-stacktrace>
              <![CDATA[java.lang.AssertionError: expected [Selenium - Google] but found [Selenium - Google Search]
at org.testng.Assert.fail(Assert.java:96)
at org.testng.Assert.failNotEquals(Assert.java:776)
at org.testng.Assert.assertEqualsImpl(Assert.java:137)
at org.testng.Assert.assertEquals(Assert.java:118)
at org.testng.Assert.assertEquals(Assert.java:453)
at org.testng.Assert.assertEquals(Assert.java:463)
at tests.GoogleSearchFailingTestClass.searchForWebsiteFailingTest(GoogleSearchFailingTestClass.java:16)
at sun.reflect.NativeMethodAccessorImpl.invoke0(Native Method)
at sun.reflect.NativeMethodAccessorImpl.invoke(Unknown Source)
at sun.reflect.DelegatingMethodAccessorImpl.invoke(Unknown Source)
at java.lang.reflect.Method.invoke(Unknown Source)
at org.testng.internal.MethodInvocationHelper.invokeMethod(MethodInvocationHelper.java:124)
at org.testng.internal.Invoker.invokeMethod(Invoker.java:583)
at org.testng.internal.Invoker.invokeTestMethod(Invoker.java:719)
at org.testng.internal.Invoker.invokeTestMethods(Invoker.java:989)
at org.testng.internal.TestMethodWorker.invokeTestMethods(TestMethodWorker.java:125)
at org.testng.internal.TestMethodWorker.run(TestMethodWorker.java:109)
at org.testng.TestRunner.privateRun(TestRunner.java:648)
at org.testng.TestRunner.run(TestRunner.java:505)
at org.testng.SuiteRunner.runTest(SuiteRunner.java:455)
at org.testng.SuiteRunner.runSequentially(SuiteRunner.java:450)
at org.testng.SuiteRunner.privateRun(SuiteRunner.java:415)
at org.testng.SuiteRunner.run(SuiteRunner.java:364)
at org.testng.SuiteRunnerWorker.runSuite(SuiteRunnerWorker.java:52)
at org.testng.SuiteRunnerWorker.run(SuiteRunnerWorker.java:84)
at org.testng.TestNG.runSuitesSequentially(TestNG.java:1208)
at org.testng.TestNG.runSuitesLocally(TestNG.java:1137)
at org.testng.TestNG.runSuites(TestNG.java:1049)
at org.testng.TestNG.run(TestNG.java:1017)
at org.testng.remote.AbstractRemoteTestNG.run(AbstractRemoteTestNG.java:115)
at org.testng.remote.RemoteTestNG.initAndRun(RemoteTestNG.java:251)
at org.testng.remote.RemoteTestNG.main(RemoteTestNG.java:77)
]]>
            </full-stacktrace>
          </exception> <!-- java.lang.AssertionError -->
          <reporter-output>
          </reporter-output>
        </test-method> <!-- searchForWebsiteFailingTest -->
        <test-method status="PASS" signature="tearDown()[pri:0, instance:tests.GoogleSearchFailingTestClass@eec5a4a]" name="tearDown" is-config="true" duration-ms="2691" started-at="2019-08-18T17:12:10Z" finished-at="2019-08-18T17:12:13Z">
          <reporter-output>
          </reporter-output>
        </test-method> <!-- tearDown -->
      </class> <!-- tests.GoogleSearchFailingTestClass -->
      <class name="tests.GoogleSearchPassingTestClass">
        <test-method status="PASS" signature="initialization()[pri:0, instance:tests.GoogleSearchPassingTestClass@210366b4]" name="initialization" is-config="true" duration-ms="7962" started-at="2019-08-18T17:11:46Z" finished-at="2019-08-18T17:11:54Z">
          <reporter-output>
          </reporter-output>
        </test-method> <!-- initialization -->
        <test-method status="PASS" signature="searchForWebsitePassingTest()[pri:0, instance:tests.GoogleSearchPassingTestClass@210366b4]" name="searchForWebsitePassingTest" duration-ms="3476" started-at="2019-08-18T17:11:54Z" finished-at="2019-08-18T17:11:58Z">
          <reporter-output>
          </reporter-output>
        </test-method> <!-- searchForWebsitePassingTest -->
        <test-method status="PASS" signature="tearDown()[pri:0, instance:tests.GoogleSearchPassingTestClass@210366b4]" name="tearDown" is-config="true" duration-ms="2952" started-at="2019-08-18T17:11:58Z" finished-at="2019-08-18T17:12:01Z">
          <reporter-output>
          </reporter-output>
        </test-method> <!-- tearDown -->
      </class> <!-- tests.GoogleSearchPassingTestClass -->
    </test> <!-- RESTAPITest -->
  </suite> <!-- WebServiceTestSuite -->
</testng-results>
